[2020-07-04T00:11:12.161] [DEBUG] cheese - login => username:baixu,password:123
[2020-07-04T00:11:12.165] [DEBUG] cheese - baixu
[2020-07-04T00:11:12.173] [DEBUG] cheese - null
[2020-07-04T00:11:12.174] [DEBUG] cheese - null
[2020-07-04T00:11:53.304] [DEBUG] cheese - login => username:admin,password:123456
[2020-07-04T00:11:53.304] [DEBUG] cheese - admin
[2020-07-04T00:11:53.312] [DEBUG] cheese - null
[2020-07-04T00:11:53.312] [DEBUG] cheese - null
[2020-07-04T21:36:34.106] [DEBUG] cheese - login => username:root,password:12331233321
[2020-07-04T21:36:34.108] [DEBUG] cheese - root
[2020-07-04T21:36:34.145] [DEBUG] cheese - null
[2020-07-04T21:36:34.146] [DEBUG] cheese - null
[2020-07-04T21:40:24.196] [DEBUG] cheese - login => username:root,password:13123132
[2020-07-04T21:40:24.196] [DEBUG] cheese - root
[2020-07-04T21:40:24.212] [DEBUG] cheese - null
[2020-07-04T21:40:24.213] [DEBUG] cheese - null
[2020-07-04T21:40:38.803] [DEBUG] cheese - login => username:root,password:123456
[2020-07-04T21:40:38.804] [DEBUG] cheese - root
[2020-07-04T21:40:38.806] [DEBUG] cheese - null
[2020-07-04T21:40:38.806] [DEBUG] cheese - null
[2020-07-04T21:42:04.653] [DEBUG] cheese - login => username:root,password:123456
[2020-07-04T21:42:04.654] [DEBUG] cheese - root
[2020-07-04T21:42:04.661] [DEBUG] cheese - null
[2020-07-04T21:42:04.661] [DEBUG] cheese - null
[2020-07-04T21:44:19.058] [DEBUG] cheese - login => username:root,password:32333232
[2020-07-04T21:44:19.058] [DEBUG] cheese - root
[2020-07-04T21:44:19.060] [DEBUG] cheese - null
[2020-07-04T21:44:19.060] [DEBUG] cheese - null
[2020-07-04T21:47:06.577] [DEBUG] cheese - login => username:root,password:321312121233
[2020-07-04T21:47:06.577] [DEBUG] cheese - root
[2020-07-04T21:47:06.579] [DEBUG] cheese - null
[2020-07-04T21:47:06.579] [DEBUG] cheese - null
[2020-07-04T21:47:23.171] [DEBUG] cheese - login => username:admin,password:123456
[2020-07-04T21:47:23.171] [DEBUG] cheese - admin
[2020-07-04T21:47:23.176] [DEBUG] cheese - null
[2020-07-04T21:47:23.176] [DEBUG] cheese - null
[2020-07-04T21:48:27.508] [DEBUG] cheese - login => username:admin,password:123456
[2020-07-04T21:48:27.508] [DEBUG] cheese - admin
[2020-07-04T21:48:27.510] [DEBUG] cheese - null
[2020-07-04T21:48:27.510] [DEBUG] cheese - null
[2020-07-04T21:49:20.713] [DEBUG] cheese - login => username:admin,password:1312312312321
[2020-07-04T21:49:20.713] [DEBUG] cheese - admin
[2020-07-04T21:49:20.717] [DEBUG] cheese - null
[2020-07-04T21:49:20.717] [DEBUG] cheese - null
[2020-07-04T21:50:58.545] [DEBUG] cheese - login => username:admin,password:2313122133
[2020-07-04T21:50:58.545] [DEBUG] cheese - admin
[2020-07-04T21:50:58.548] [DEBUG] cheese - null
[2020-07-04T21:50:58.548] [DEBUG] cheese - null
[2020-07-04T21:52:33.415] [DEBUG] cheese - login => username:admin,password:21331233213
[2020-07-04T21:52:33.415] [DEBUG] cheese - admin
[2020-07-04T21:52:33.417] [DEBUG] cheese - null
[2020-07-04T21:52:33.417] [DEBUG] cheese - null
[2020-07-04T21:58:32.391] [DEBUG] cheese - login => username:admin,password:31231213223
[2020-07-04T21:58:32.391] [DEBUG] cheese - admin
[2020-07-04T21:58:32.393] [DEBUG] cheese - null
[2020-07-04T21:58:32.393] [DEBUG] cheese - null
[2020-07-04T21:58:34.784] [DEBUG] cheese - login => username:admin,password:31231213223
[2020-07-04T21:58:34.784] [DEBUG] cheese - admin
[2020-07-04T21:58:34.788] [DEBUG] cheese - null
[2020-07-04T21:58:34.788] [DEBUG] cheese - null
[2020-07-04T21:59:18.799] [DEBUG] cheese - login => username:admin,password:23131232312
[2020-07-04T21:59:18.799] [DEBUG] cheese - admin
[2020-07-04T21:59:18.801] [DEBUG] cheese - null
[2020-07-04T21:59:18.801] [DEBUG] cheese - null
[2020-07-04T21:59:25.702] [DEBUG] cheese - login => username:admin,password:123456
[2020-07-04T21:59:25.702] [DEBUG] cheese - admin
[2020-07-04T21:59:25.704] [DEBUG] cheese - null
[2020-07-04T21:59:25.704] [DEBUG] cheese - null
[2020-07-04T21:59:34.891] [DEBUG] cheese - login => username:admin,password:123456
[2020-07-04T21:59:34.892] [DEBUG] cheese - admin
[2020-07-04T21:59:34.893] [DEBUG] cheese - null
[2020-07-04T21:59:34.893] [DEBUG] cheese - null
[2020-07-04T21:59:43.352] [DEBUG] cheese - login => username:admin,password:123450000
[2020-07-04T21:59:43.352] [DEBUG] cheese - admin
[2020-07-04T21:59:43.354] [DEBUG] cheese - null
[2020-07-04T21:59:43.354] [DEBUG] cheese - null
[2020-07-04T22:07:50.075] [DEBUG] cheese - login => username:admin,password:123456
[2020-07-04T22:07:50.075] [DEBUG] cheese - admin
[2020-07-04T22:07:50.078] [DEBUG] cheese - null
[2020-07-04T22:07:50.078] [DEBUG] cheese - null
[2020-07-04T22:11:09.110] [DEBUG] cheese - login => username:admin,password:123456
[2020-07-04T22:11:09.110] [DEBUG] cheese - admin
[2020-07-04T22:11:09.112] [DEBUG] cheese - null
[2020-07-04T22:11:09.112] [DEBUG] cheese - null
[2020-07-04T22:20:50.805] [DEBUG] cheese - login => username:admin,password:123456
[2020-07-04T22:20:50.806] [DEBUG] cheese - admin
[2020-07-04T22:20:54.480] [DEBUG] cheese - login => username:admin,password:123456
[2020-07-04T22:20:54.480] [DEBUG] cheese - admin
[2020-07-04T22:20:56.343] [DEBUG] cheese - login => username:admin,password:123456
[2020-07-04T22:20:56.344] [DEBUG] cheese - admin
[2020-07-04T22:21:00.814] [DEBUG] cheese - { inspect: [Function: inspect] }
[2020-07-04T22:21:00.815] [DEBUG] cheese - 查询失败
[2020-07-04T22:21:04.484] [DEBUG] cheese - { inspect: [Function: inspect] }
[2020-07-04T22:21:04.485] [DEBUG] cheese - 查询失败
[2020-07-04T22:21:06.359] [DEBUG] cheese - { inspect: [Function: inspect] }
[2020-07-04T22:21:06.360] [DEBUG] cheese - 查询失败
[2020-07-04T22:22:05.419] [DEBUG] cheese - login => username:admin,password:123456
[2020-07-04T22:22:05.419] [DEBUG] cheese - admin
[2020-07-04T22:22:15.422] [DEBUG] cheese - { inspect: [Function: inspect] }
[2020-07-04T22:22:15.422] [DEBUG] cheese - 查询失败
[2020-07-04T22:22:51.110] [DEBUG] cheese - login => username:admin,password:123456
[2020-07-04T22:22:51.110] [DEBUG] cheese - admin
[2020-07-04T22:23:01.113] [DEBUG] cheese - { inspect: [Function: inspect] }
[2020-07-04T22:23:01.113] [DEBUG] cheese - 查询失败
[2020-07-04T22:23:27.535] [DEBUG] cheese - login => username:admin,password:123456
[2020-07-04T22:23:27.535] [DEBUG] cheese - admin
[2020-07-04T22:23:37.543] [DEBUG] cheese - { inspect: [Function: inspect] }
[2020-07-04T22:23:37.544] [DEBUG] cheese - 查询失败
[2020-07-04T22:27:04.474] [DEBUG] cheese - login => username:admin,password:123456
[2020-07-04T22:27:04.474] [DEBUG] cheese - admin
[2020-07-04T22:27:14.490] [DEBUG] cheese - { inspect: [Function: inspect] }
[2020-07-04T22:27:14.490] [DEBUG] cheese - 查询失败
[2020-07-04T22:32:41.489] [DEBUG] cheese - login => username:admin,password:123456
[2020-07-04T22:32:41.490] [DEBUG] cheese - admin
[2020-07-04T22:32:41.508] [DEBUG] cheese - null
[2020-07-04T22:32:41.508] [DEBUG] cheese - null
[2020-07-04T22:35:40.042] [DEBUG] cheese - login => username:admin,password:123456
[2020-07-04T22:35:40.042] [DEBUG] cheese - admin
[2020-07-04T22:35:40.044] [DEBUG] cheese - null
[2020-07-04T22:35:40.044] [DEBUG] cheese - null
[2020-07-04T22:37:22.809] [DEBUG] cheese - login => username:admin,password:123456
[2020-07-04T22:37:22.809] [DEBUG] cheese - admin
[2020-07-04T22:37:22.811] [DEBUG] cheese - null
[2020-07-04T22:37:22.811] [DEBUG] cheese - null
[2020-07-04T22:39:03.826] [DEBUG] cheese - login => username:admin,password:123456
[2020-07-04T22:39:03.826] [DEBUG] cheese - admin
[2020-07-04T22:39:03.829] [DEBUG] cheese - null
[2020-07-04T22:39:03.829] [DEBUG] cheese - null
[2020-07-04T22:39:21.109] [DEBUG] cheese - login => username:admin,password:123456
[2020-07-04T22:39:21.109] [DEBUG] cheese - admin
[2020-07-04T22:39:21.111] [DEBUG] cheese - null
[2020-07-04T22:39:21.111] [DEBUG] cheese - null
[2020-07-04T22:39:40.744] [DEBUG] cheese - login => username:admin,password:123456
[2020-07-04T22:39:40.744] [DEBUG] cheese - admin
[2020-07-04T22:39:40.747] [DEBUG] cheese - null
[2020-07-04T22:39:40.747] [DEBUG] cheese - null
[2020-07-04T22:45:03.325] [DEBUG] cheese - login => username:admin,password:123456
[2020-07-04T22:45:03.325] [DEBUG] cheese - admin
[2020-07-04T22:45:03.327] [DEBUG] cheese - null
[2020-07-04T22:45:03.328] [DEBUG] cheese - null
[2020-07-04T22:45:07.652] [DEBUG] cheese - login => username:admin,password:123456
[2020-07-04T22:45:07.652] [DEBUG] cheese - admin
[2020-07-04T22:45:07.655] [DEBUG] cheese - null
[2020-07-04T22:45:07.655] [DEBUG] cheese - null
[2020-07-05T13:14:16.088] [DEBUG] cheese - login => username:admin,password:123456
[2020-07-05T13:14:16.089] [DEBUG] cheese - admin
[2020-07-05T13:14:16.098] [DEBUG] cheese - null
[2020-07-05T13:14:16.099] [DEBUG] cheese - null
[2020-07-05T13:14:28.127] [DEBUG] cheese - login => username:admin,password:123456
[2020-07-05T13:14:28.127] [DEBUG] cheese - admin
[2020-07-05T13:14:28.129] [DEBUG] cheese - null
[2020-07-05T13:14:28.129] [DEBUG] cheese - null
[2020-07-05T13:20:21.225] [DEBUG] cheese - login => username:admin,password:123456
[2020-07-05T13:20:21.225] [DEBUG] cheese - admin
[2020-07-05T13:20:21.228] [DEBUG] cheese - null
[2020-07-05T13:20:21.228] [DEBUG] cheese - null
[2020-07-05T13:22:29.394] [DEBUG] cheese - login => username:admin,password:123456
[2020-07-05T13:22:29.394] [DEBUG] cheese - admin
[2020-07-05T13:22:29.398] [DEBUG] cheese - null
[2020-07-05T13:22:29.398] [DEBUG] cheese - null
[2020-07-05T13:24:26.054] [DEBUG] cheese - login => username:admin,password:123456
[2020-07-05T13:24:26.054] [DEBUG] cheese - admin
[2020-07-05T13:24:26.056] [DEBUG] cheese - null
[2020-07-05T13:24:26.056] [DEBUG] cheese - null
[2020-07-05T13:25:34.968] [DEBUG] cheese - login => username:admin,password:123456
[2020-07-05T13:25:34.968] [DEBUG] cheese - admin
[2020-07-05T13:25:34.971] [DEBUG] cheese - null
[2020-07-05T13:25:34.972] [DEBUG] cheese - null
[2020-07-05T13:25:41.838] [DEBUG] cheese - login => username:admin,password:123456
[2020-07-05T13:25:41.838] [DEBUG] cheese - admin
[2020-07-05T13:25:41.840] [DEBUG] cheese - null
[2020-07-05T13:25:41.840] [DEBUG] cheese - null
[2020-07-05T15:58:28.777] [DEBUG] cheese - login => username:admin,password:123456
[2020-07-05T15:58:28.778] [DEBUG] cheese - admin
[2020-07-05T15:58:28.788] [DEBUG] cheese - null
[2020-07-05T15:58:28.788] [DEBUG] cheese - null
[2020-07-05T16:03:12.623] [DEBUG] cheese - login => username:admin,password:123456
[2020-07-05T16:03:12.623] [DEBUG] cheese - admin
[2020-07-05T16:03:12.625] [DEBUG] cheese - null
[2020-07-05T16:03:12.625] [DEBUG] cheese - null
[2020-07-05T16:09:44.367] [DEBUG] cheese - login => username:admin,password:123456
[2020-07-05T16:09:44.368] [DEBUG] cheese - admin
[2020-07-05T16:09:44.370] [DEBUG] cheese - null
[2020-07-05T16:09:44.370] [DEBUG] cheese - null
[2020-07-05T17:03:49.054] [DEBUG] cheese - login => username:admin,password:123456
[2020-07-05T17:03:49.055] [DEBUG] cheese - admin
[2020-07-05T17:03:49.057] [DEBUG] cheese - null
[2020-07-05T17:03:49.057] [DEBUG] cheese - null
[2020-07-05T17:11:15.085] [DEBUG] cheese - login => username:admin,password:123456
[2020-07-05T17:11:15.085] [DEBUG] cheese - admin
[2020-07-05T17:11:15.088] [DEBUG] cheese - null
[2020-07-05T17:11:15.088] [DEBUG] cheese - null
[2020-07-05T17:11:41.828] [DEBUG] cheese - login => username:admin,password:123456
[2020-07-05T17:11:41.828] [DEBUG] cheese - admin
[2020-07-05T17:11:41.830] [DEBUG] cheese - null
[2020-07-05T17:11:41.831] [DEBUG] cheese - null
[2020-07-05T21:54:28.608] [DEBUG] cheese - login => username:admin,password:123456
[2020-07-05T21:54:28.610] [DEBUG] cheese - admin
[2020-07-05T21:54:28.619] [DEBUG] cheese - null
[2020-07-05T21:54:28.619] [DEBUG] cheese - null
[2020-07-05T22:50:30.835] [DEBUG] cheese - login => username:admin,password:123456
[2020-07-05T22:50:30.835] [DEBUG] cheese - admin
[2020-07-05T22:50:30.840] [DEBUG] cheese - null
[2020-07-05T22:50:30.840] [DEBUG] cheese - null
[2020-07-06T13:26:25.921] [DEBUG] cheese - login => username:admin,password:123456
[2020-07-06T13:26:25.922] [DEBUG] cheese - admin
[2020-07-06T13:26:25.941] [DEBUG] cheese - null
[2020-07-06T13:26:25.941] [DEBUG] cheese - null
[2020-07-07T13:29:30.049] [DEBUG] cheese - login => username:admin,password:123456
[2020-07-07T13:29:30.051] [DEBUG] cheese - admin
[2020-07-07T13:29:30.069] [DEBUG] cheese - null
[2020-07-07T13:29:30.069] [DEBUG] cheese - null
[2020-07-07T15:56:01.917] [DEBUG] cheese - login => username:admin,password:123456
[2020-07-07T15:56:01.918] [DEBUG] cheese - admin
[2020-07-07T15:56:01.921] [DEBUG] cheese - null
[2020-07-07T15:56:01.921] [DEBUG] cheese - null
[2020-07-08T15:09:55.968] [DEBUG] cheese - login => username:admin,password:123456
[2020-07-08T15:09:55.969] [DEBUG] cheese - admin
[2020-07-08T15:09:55.986] [DEBUG] cheese - null
[2020-07-08T15:09:55.987] [DEBUG] cheese - null
[2020-07-09T12:49:16.078] [DEBUG] cheese - login => username:admin,password:123456
[2020-07-09T12:49:16.080] [DEBUG] cheese - admin
[2020-07-09T12:49:16.116] [DEBUG] cheese - null
[2020-07-09T12:49:16.116] [DEBUG] cheese - null
[2020-07-09T13:05:52.390] [DEBUG] cheese - login => username:admin,password:123456
[2020-07-09T13:05:52.391] [DEBUG] cheese - admin
[2020-07-09T13:05:52.393] [DEBUG] cheese - null
[2020-07-09T13:05:52.393] [DEBUG] cheese - null
